<?xml version="1.0" encoding="UTF-8"?>
<testsuite name="com.boubyan.boubyantask.BoubyantaskApplicationTests" tests="1" skipped="0" failures="0" errors="0" timestamp="2024-10-01T00:32:24" hostname="E1184896" time="0.296">
  <properties/>
  <testcase name="contextLoads()" classname="com.boubyan.boubyantask.BoubyantaskApplicationTests" time="0.296"/>
  <system-out><![CDATA[02:32:19.487 [Test worker] DEBUG org.springframework.test.context.BootstrapUtils - Instantiating CacheAwareContextLoaderDelegate from class [org.springframework.test.context.cache.DefaultCacheAwareContextLoaderDelegate]
02:32:19.496 [Test worker] DEBUG org.springframework.test.context.BootstrapUtils - Instantiating BootstrapContext using constructor [public org.springframework.test.context.support.DefaultBootstrapContext(java.lang.Class,org.springframework.test.context.CacheAwareContextLoaderDelegate)]
02:32:19.520 [Test worker] DEBUG org.springframework.test.context.BootstrapUtils - Instantiating TestContextBootstrapper for test class [com.boubyan.boubyantask.BoubyantaskApplicationTests] from class [org.springframework.boot.test.context.SpringBootTestContextBootstrapper]
02:32:19.527 [Test worker] INFO org.springframework.boot.test.context.SpringBootTestContextBootstrapper - Neither @ContextConfiguration nor @ContextHierarchy found for test class [com.boubyan.boubyantask.BoubyantaskApplicationTests], using SpringBootContextLoader
02:32:19.530 [Test worker] DEBUG org.springframework.test.context.support.AbstractContextLoader - Did not detect default resource location for test class [com.boubyan.boubyantask.BoubyantaskApplicationTests]: class path resource [com/boubyan/boubyantask/BoubyantaskApplicationTests-context.xml] does not exist
02:32:19.531 [Test worker] DEBUG org.springframework.test.context.support.AbstractContextLoader - Did not detect default resource location for test class [com.boubyan.boubyantask.BoubyantaskApplicationTests]: class path resource [com/boubyan/boubyantask/BoubyantaskApplicationTestsContext.groovy] does not exist
02:32:19.531 [Test worker] INFO org.springframework.test.context.support.AbstractContextLoader - Could not detect default resource locations for test class [com.boubyan.boubyantask.BoubyantaskApplicationTests]: no resource found for suffixes {-context.xml, Context.groovy}.
02:32:19.531 [Test worker] INFO org.springframework.test.context.support.AnnotationConfigContextLoaderUtils - Could not detect default configuration classes for test class [com.boubyan.boubyantask.BoubyantaskApplicationTests]: BoubyantaskApplicationTests does not declare any static, non-private, non-final, nested classes annotated with @Configuration.
02:32:19.560 [Test worker] DEBUG org.springframework.test.context.support.ActiveProfilesUtils - Could not find an 'annotation declaring class' for annotation type [org.springframework.test.context.ActiveProfiles] and class [com.boubyan.boubyantask.BoubyantaskApplicationTests]
02:32:19.610 [Test worker] DEBUG org.springframework.context.annotation.ClassPathScanningCandidateComponentProvider - Identified candidate component class: file [C:\task\Task\boubyantask\build\classes\java\main\com\boubyan\boubyantask\BoubyantaskApplication.class]
02:32:19.613 [Test worker] INFO org.springframework.boot.test.context.SpringBootTestContextBootstrapper - Found @SpringBootConfiguration com.boubyan.boubyantask.BoubyantaskApplication for test class com.boubyan.boubyantask.BoubyantaskApplicationTests
02:32:19.693 [Test worker] DEBUG org.springframework.boot.test.context.SpringBootTestContextBootstrapper - @TestExecutionListeners is not present for class [com.boubyan.boubyantask.BoubyantaskApplicationTests]: using defaults.
02:32:19.694 [Test worker] INFO org.springframework.boot.test.context.SpringBootTestContextBootstrapper - Loaded default TestExecutionListener class names from location [META-INF/spring.factories]: [org.springframework.security.test.context.support.WithSecurityContextTestExecutionListener, org.springframework.security.test.context.support.ReactorContextTestExecutionListener, org.springframework.boot.test.autoconfigure.restdocs.RestDocsTestExecutionListener, org.springframework.boot.test.autoconfigure.web.client.MockRestServiceServerResetTestExecutionListener, org.springframework.boot.test.autoconfigure.web.servlet.MockMvcPrintOnlyOnFailureTestExecutionListener, org.springframework.boot.test.autoconfigure.web.servlet.WebDriverTestExecutionListener, org.springframework.boot.test.autoconfigure.webservices.client.MockWebServiceServerTestExecutionListener, org.springframework.boot.test.mock.mockito.MockitoTestExecutionListener, org.springframework.boot.test.mock.mockito.ResetMocksTestExecutionListener, org.springframework.test.context.web.ServletTestExecutionListener, org.springframework.test.context.support.DirtiesContextBeforeModesTestExecutionListener, org.springframework.test.context.event.ApplicationEventsTestExecutionListener, org.springframework.test.context.support.DependencyInjectionTestExecutionListener, org.springframework.test.context.support.DirtiesContextTestExecutionListener, org.springframework.test.context.transaction.TransactionalTestExecutionListener, org.springframework.test.context.jdbc.SqlScriptsTestExecutionListener, org.springframework.test.context.event.EventPublishingTestExecutionListener]
02:32:19.710 [Test worker] INFO org.springframework.boot.test.context.SpringBootTestContextBootstrapper - Using TestExecutionListeners: [org.springframework.test.context.web.ServletTestExecutionListener@47874b25, org.springframework.test.context.support.DirtiesContextBeforeModesTestExecutionListener@33617539, org.springframework.test.context.event.ApplicationEventsTestExecutionListener@2c177f9e, org.springframework.boot.test.mock.mockito.MockitoTestExecutionListener@5db4c359, org.springframework.boot.test.autoconfigure.SpringBootDependencyInjectionTestExecutionListener@209775a9, org.springframework.test.context.support.DirtiesContextTestExecutionListener@18e7143f, org.springframework.test.context.transaction.TransactionalTestExecutionListener@f9b7332, org.springframework.test.context.jdbc.SqlScriptsTestExecutionListener@74cec793, org.springframework.security.test.context.support.WithSecurityContextTestExecutionListener@6fefce9e, org.springframework.test.context.event.EventPublishingTestExecutionListener@4f8969b0, org.springframework.security.test.context.support.ReactorContextTestExecutionListener@1bdf8190, org.springframework.boot.test.autoconfigure.restdocs.RestDocsTestExecutionListener@192f2f27, org.springframework.boot.test.autoconfigure.web.client.MockRestServiceServerResetTestExecutionListener@8a589a2, org.springframework.boot.test.autoconfigure.web.servlet.MockMvcPrintOnlyOnFailureTestExecutionListener@c65a5ef, org.springframework.boot.test.autoconfigure.web.servlet.WebDriverTestExecutionListener@6b5176f2, org.springframework.boot.test.autoconfigure.webservices.client.MockWebServiceServerTestExecutionListener@b672aa8, org.springframework.boot.test.mock.mockito.ResetMocksTestExecutionListener@2fab4aff]
02:32:19.713 [Test worker] DEBUG org.springframework.test.context.support.AbstractDirtiesContextTestExecutionListener - Before test class: context [DefaultTestContext@7807ac2c testClass = BoubyantaskApplicationTests, testInstance = [null], testMethod = [null], testException = [null], mergedContextConfiguration = [WebMergedContextConfiguration@b91d8c4 testClass = BoubyantaskApplicationTests, locations = '{}', classes = '{class com.boubyan.boubyantask.BoubyantaskApplication}', contextInitializerClasses = '[]', activeProfiles = '{}', propertySourceLocations = '{}', propertySourceProperties = '{org.springframework.boot.test.context.SpringBootTestContextBootstrapper=true}', contextCustomizers = set[org.springframework.boot.test.autoconfigure.actuate.metrics.MetricsExportContextCustomizerFactory$DisableMetricExportContextCustomizer@7cf6a5f9, org.springframework.boot.test.autoconfigure.properties.PropertyMappingContextCustomizer@0, org.springframework.boot.test.autoconfigure.web.servlet.WebDriverContextCustomizerFactory$Customizer@6b8d96d9, org.springframework.boot.test.context.filter.ExcludeFilterContextCustomizer@49d3c823, org.springframework.boot.test.json.DuplicateJsonObjectContextCustomizerFactory$DuplicateJsonObjectContextCustomizer@66fdec9, org.springframework.boot.test.mock.mockito.MockitoContextCustomizer@0, org.springframework.boot.test.web.client.TestRestTemplateContextCustomizer@62e20a76, org.springframework.boot.test.context.SpringBootTestArgs@1, org.springframework.boot.test.context.SpringBootTestWebEnvironment@70e9c95d], resourceBasePath = 'src/main/webapp', contextLoader = 'org.springframework.boot.test.context.SpringBootContextLoader', parent = [null]], attributes = map['org.springframework.test.context.web.ServletTestExecutionListener.activateListener' -> true]], class annotated with @DirtiesContext [false] with mode [null].

  .   ____          _            __ _ _
 /\\ / ___'_ __ _ _(_)_ __  __ _ \ \ \ \
( ( )\___ | '_ | '_| | '_ \/ _` | \ \ \ \
 \\/  ___)| |_)| | | | | || (_| |  ) ) ) )
  '  |____| .__|_| |_|_| |_\__, | / / / /
 =========|_|==============|___/=/_/_/_/
 :: Spring Boot ::               (v2.7.12)

2024-10-01 02:32:20.015  INFO 29428 --- [    Test worker] c.b.b.BoubyantaskApplicationTests        : Starting BoubyantaskApplicationTests using Java 17.0.7 on E1184896 with PID 29428 (started by SayedM12 in C:\task\Task\boubyantask)
2024-10-01 02:32:20.017  INFO 29428 --- [    Test worker] c.b.b.BoubyantaskApplicationTests        : No active profile set, falling back to 1 default profile: "default"
2024-10-01 02:32:20.766  INFO 29428 --- [    Test worker] .s.d.r.c.RepositoryConfigurationDelegate : Bootstrapping Spring Data JPA repositories in DEFAULT mode.
2024-10-01 02:32:20.851  INFO 29428 --- [    Test worker] .s.d.r.c.RepositoryConfigurationDelegate : Finished Spring Data repository scanning in 72 ms. Found 3 JPA repository interfaces.
2024-10-01 02:32:21.398  INFO 29428 --- [    Test worker] o.hibernate.jpa.internal.util.LogHelper  : HHH000204: Processing PersistenceUnitInfo [name: default]
2024-10-01 02:32:21.445  INFO 29428 --- [    Test worker] org.hibernate.Version                    : HHH000412: Hibernate ORM core version 5.6.15.Final
2024-10-01 02:32:21.569  INFO 29428 --- [    Test worker] o.hibernate.annotations.common.Version   : HCANN000001: Hibernate Commons Annotations {5.1.2.Final}
2024-10-01 02:32:21.671  INFO 29428 --- [    Test worker] com.zaxxer.hikari.HikariDataSource       : HikariPool-1 - Starting...
2024-10-01 02:32:21.847  INFO 29428 --- [    Test worker] com.zaxxer.hikari.HikariDataSource       : HikariPool-1 - Start completed.
2024-10-01 02:32:21.859  INFO 29428 --- [    Test worker] org.hibernate.dialect.Dialect            : HHH000400: Using dialect: org.hibernate.dialect.H2Dialect
2024-10-01 02:32:22.418  INFO 29428 --- [    Test worker] o.h.e.t.j.p.i.JtaPlatformInitiator       : HHH000490: Using JtaPlatform implementation: [org.hibernate.engine.transaction.jta.platform.internal.NoJtaPlatform]
2024-10-01 02:32:22.425  INFO 29428 --- [    Test worker] j.LocalContainerEntityManagerFactoryBean : Initialized JPA EntityManagerFactory for persistence unit 'default'
2024-10-01 02:32:22.949  WARN 29428 --- [    Test worker] JpaBaseConfiguration$JpaWebConfiguration : spring.jpa.open-in-view is enabled by default. Therefore, database queries may be performed during view rendering. Explicitly configure spring.jpa.open-in-view to disable this warning
2024-10-01 02:32:23.414  INFO 29428 --- [    Test worker] o.s.s.web.DefaultSecurityFilterChain     : Will secure any request with [org.springframework.security.web.session.DisableEncodeUrlFilter@2a666c8e, org.springframework.security.web.context.request.async.WebAsyncManagerIntegrationFilter@18adc20a, org.springframework.security.web.context.SecurityContextPersistenceFilter@84eafc2, org.springframework.security.web.header.HeaderWriterFilter@684430c1, org.springframework.security.web.authentication.logout.LogoutFilter@44580de0, com.boubyan.boubyantask.config.security.JwtAuthorizationFilter@2c224096, org.springframework.security.web.savedrequest.RequestCacheAwareFilter@6d658aa8, org.springframework.security.web.servletapi.SecurityContextHolderAwareRequestFilter@4f1f2f84, org.springframework.security.web.authentication.AnonymousAuthenticationFilter@7e7987b8, org.springframework.security.web.session.SessionManagementFilter@31e84f10, org.springframework.security.web.access.ExceptionTranslationFilter@7be1e187, org.springframework.security.web.access.intercept.FilterSecurityInterceptor@123e9094]
2024-10-01 02:32:24.092  INFO 29428 --- [    Test worker] o.s.b.a.h2.H2ConsoleAutoConfiguration    : H2 console available at '/h2-console'. Database available at 'jdbc:h2:mem:testdb'
2024-10-01 02:32:24.638  INFO 29428 --- [    Test worker] c.b.b.BoubyantaskApplicationTests        : Started BoubyantaskApplicationTests in 4.892 seconds (JVM running for 5.928)
]]></system-out>
  <system-err><![CDATA[]]></system-err>
</testsuite>
